<?xml version="1.0" encoding="UTF-8"?>
<!-- Generated by org.testng.reporters.JUnitXMLReporter -->
<testsuite ignored="0" hostname="LAPTOP-0ESFL29K" failures="0" tests="81" name="Surefire test" time="0.142" errors="0" timestamp="2020-12-23T11:54:56 COT">
  <testcase classname="TestFacadePatternShapes" name="Test0" time="0.053"/>
  <testcase classname="TestFacadePatternShapes" name="testTime" time="0.018"/>
  <testcase classname="TestFacadePatternShapes" name="testTime" time="0.009"/>
  <testcase classname="TestFacadePatternShapes" name="testTime" time="0.013"/>
  <testcase classname="TestFacadePatternShapes" name="testTime" time="0.014"/>
  <testcase classname="TestFacadePatternShapes" name="testTime" time="0.013"/>
  <testcase classname="TestFacadePatternShapes" name="testTime" time="0.008"/>
  <testcase classname="TestFacadePatternShapes" name="testTime" time="0.001"/>
  <testcase classname="TestFacadePatternShapes" name="testTime" time="0.0"/>
  <testcase classname="TestFacadePatternShapes" name="testTime" time="0.0"/>
  <testcase classname="TestFacadePatternShapes" name="testTime" time="0.0"/>
  <testcase classname="TestFacadePatternShapes" name="testTime" time="0.0"/>
  <testcase classname="TestFacadePatternShapes" name="testTime" time="0.0"/>
  <testcase classname="TestFacadePatternShapes" name="testTime" time="0.0"/>
  <testcase classname="TestFacadePatternShapes" name="testTime" time="0.0"/>
  <testcase classname="TestFacadePatternShapes" name="testTime" time="0.0"/>
  <testcase classname="TestFacadePatternShapes" name="testTime" time="0.0"/>
  <testcase classname="TestFacadePatternShapes" name="testTime" time="0.016"/>
  <testcase classname="TestFacadePatternShapes" name="testTime" time="0.014"/>
  <testcase classname="TestFacadePatternShapes" name="testTime" time="0.007"/>
  <testcase classname="TestFacadePatternShapes" name="testTime" time="0.012"/>
  <testcase classname="TestFacadePatternShapes" name="testTime" time="0.019"/>
  <testcase classname="TestFacadePatternShapes" name="testTime" time="0.012"/>
  <testcase classname="TestFacadePatternShapes" name="testTime" time="0.018"/>
  <testcase classname="TestFacadePatternShapes" name="testTime" time="0.01"/>
  <testcase classname="TestFacadePatternShapes" name="testTime" time="0.01"/>
  <testcase classname="TestFacadePatternShapes" name="testTime" time="0.007"/>
  <testcase classname="TestFacadePatternShapes" name="testTime" time="0.019"/>
  <testcase classname="TestFacadePatternShapes" name="testTime" time="0.013"/>
  <testcase classname="TestFacadePatternShapes" name="testTime" time="0.006"/>
  <testcase classname="TestFacadePatternShapes" name="testTime" time="0.016"/>
  <testcase classname="TestFacadePatternShapes" name="testTime" time="0.011"/>
  <testcase classname="TestFacadePatternShapes" name="testTime" time="0.01"/>
  <testcase classname="TestFacadePatternShapes" name="testTime" time="0.016"/>
  <testcase classname="TestFacadePatternShapes" name="testTime" time="0.014"/>
  <testcase classname="TestFacadePatternShapes" name="testTime" time="0.01"/>
  <testcase classname="TestFacadePatternShapes" name="testTime" time="0.016"/>
  <testcase classname="TestFacadePatternShapes" name="testTime" time="0.011"/>
  <testcase classname="TestFacadePatternShapes" name="testTime" time="0.018"/>
  <testcase classname="TestFacadePatternShapes" name="testTime" time="0.016"/>
  <testcase classname="TestFacadePatternShapes" name="testTime" time="0.007"/>
  <testcase classname="TestFacadePatternShapes" name="testTime" time="0.015"/>
  <testcase classname="TestFacadePatternShapes" name="testTime" time="0.013"/>
  <testcase classname="TestFacadePatternShapes" name="testTime" time="0.019"/>
  <testcase classname="TestFacadePatternShapes" name="testTime" time="0.02"/>
  <testcase classname="TestFacadePatternShapes" name="testTime" time="0.02"/>
  <testcase classname="TestFacadePatternShapes" name="testTime" time="0.021"/>
  <testcase classname="TestFacadePatternShapes" name="testTime" time="0.021"/>
  <testcase classname="TestFacadePatternShapes" name="testTime" time="0.021"/>
  <testcase classname="TestFacadePatternShapes" name="testTime" time="0.016"/>
  <testcase classname="TestFacadePatternShapes" name="testTime" time="0.022"/>
  <testcase classname="TestFacadePatternShapes" name="testTime" time="0.023"/>
  <testcase classname="TestFacadePatternShapes" name="testTime" time="0.0"/>
  <testcase classname="TestFacadePatternShapes" name="testTime" time="0.024"/>
  <testcase classname="TestFacadePatternShapes" name="testTime" time="0.023"/>
  <testcase classname="TestFacadePatternShapes" name="testTime" time="0.023"/>
  <testcase classname="TestFacadePatternShapes" name="testTime" time="0.024"/>
  <testcase classname="TestFacadePatternShapes" name="testTime" time="0.0"/>
  <testcase classname="TestFacadePatternShapes" name="testTime" time="0.024"/>
  <testcase classname="TestFacadePatternShapes" name="testTime" time="0.025"/>
  <testcase classname="TestFacadePatternShapes" name="testTime" time="0.025"/>
  <testcase classname="TestFacadePatternShapes" name="testTime" time="0.0"/>
  <testcase classname="TestFacadePatternShapes" name="testTime" time="0.025"/>
  <testcase classname="TestFacadePatternShapes" name="testTime" time="0.004"/>
  <testcase classname="TestFacadePatternShapes" name="testTime" time="0.002"/>
  <testcase classname="TestFacadePatternShapes" name="testTime" time="0.002"/>
  <testcase classname="TestFacadePatternShapes" name="testTime" time="0.006"/>
  <testcase classname="TestFacadePatternShapes" name="testTime" time="0.003"/>
  <testcase classname="TestFacadePatternShapes" name="testTime" time="0.003"/>
  <testcase classname="TestFacadePatternShapes" name="testTime" time="0.003"/>
  <testcase classname="TestFacadePatternShapes" name="testTime" time="0.003"/>
  <testcase classname="TestFacadePatternShapes" name="testTime" time="0.004"/>
  <testcase classname="TestFacadePatternShapes" name="testTime" time="0.005"/>
  <testcase classname="TestFacadePatternShapes" name="testTime" time="0.005"/>
  <testcase classname="TestFacadePatternShapes" name="testTime" time="0.006"/>
  <testcase classname="TestFacadePatternShapes" name="testTime" time="0.006"/>
  <testcase classname="TestFacadePatternShapes" name="testTime" time="0.006"/>
  <testcase classname="TestFacadePatternShapes" name="testTime" time="0.006"/>
  <testcase classname="TestFacadePatternShapes" name="testTime" time="0.006"/>
  <testcase classname="TestFacadePatternShapes" name="testTime" time="0.005"/>
  <testcase classname="TestFacadePatternShapes" name="testTime" time="0.006"/>
</testsuite> <!-- Surefire test -->
