<?xml version="1.0" encoding="UTF-8"?>
<testng-results ignored="0" total="1" passed="1" failed="0" skipped="0">
  <reporter-output>
  </reporter-output>
  <suite started-at="2020-12-23T10:32:14 COT" name="Surefire suite" finished-at="2020-12-23T10:32:14 COT" duration-ms="98">
    <groups>
    </groups>
    <test started-at="2020-12-23T10:32:14 COT" name="Surefire test" finished-at="2020-12-23T10:32:14 COT" duration-ms="98">
      <class name="TestFacadePatternShapes">
        <test-method signature="Test0()[pri:0, instance:TestFacadePatternShapes@20576557]" started-at="2020-12-23T10:32:14 COT" name="Test0" finished-at="2020-12-23T10:32:14 COT" duration-ms="55" status="PASS">
          <reporter-output>
          </reporter-output>
        </test-method> <!-- Test0 -->
      </class> <!-- TestFacadePatternShapes -->
    </test> <!-- Surefire test -->
  </suite> <!-- Surefire suite -->
</testng-results>
